-------------------------------------------------------------------------------
Test set: com.globallogic.CourseMangementSystemApplicationTests
-------------------------------------------------------------------------------
Tests run: 1, Failures: 0, Errors: 1, Skipped: 0, Time elapsed: 2.723 s <<< FAILURE! - in com.globallogic.CourseMangementSystemApplicationTests
contextLoads  Time elapsed: 0.004 s  <<< ERROR!
java.lang.IllegalStateException: Failed to load ApplicationContext
Caused by: org.springframework.beans.factory.UnsatisfiedDependencyException: Error creating bean with name 'controller' defined in file [/home/faisal/eclipse-workspace/Course_Mangement_System/target/classes/com/globallogic/controller/Controller.class]: Unsatisfied dependency expressed through constructor parameter 0; nested exception is org.springframework.beans.factory.UnsatisfiedDependencyException: Error creating bean with name 'serviceImpl': Unsatisfied dependency expressed through field 'courserepo'; nested exception is org.springframework.beans.factory.BeanCreationException: Error creating bean with name 'course' defined in com.globallogic.repositary.Course defined in @EnableJpaRepositories declared on JpaRepositoriesRegistrar.EnableJpaRepositoriesConfiguration: Invocation of init method failed; nested exception is java.lang.IllegalArgumentException: Not a managed type: interface com.globallogic.repositary.Course
Caused by: org.springframework.beans.factory.UnsatisfiedDependencyException: Error creating bean with name 'serviceImpl': Unsatisfied dependency expressed through field 'courserepo'; nested exception is org.springframework.beans.factory.BeanCreationException: Error creating bean with name 'course' defined in com.globallogic.repositary.Course defined in @EnableJpaRepositories declared on JpaRepositoriesRegistrar.EnableJpaRepositoriesConfiguration: Invocation of init method failed; nested exception is java.lang.IllegalArgumentException: Not a managed type: interface com.globallogic.repositary.Course
Caused by: org.springframework.beans.factory.BeanCreationException: Error creating bean with name 'course' defined in com.globallogic.repositary.Course defined in @EnableJpaRepositories declared on JpaRepositoriesRegistrar.EnableJpaRepositoriesConfiguration: Invocation of init method failed; nested exception is java.lang.IllegalArgumentException: Not a managed type: interface com.globallogic.repositary.Course
Caused by: java.lang.IllegalArgumentException: Not a managed type: interface com.globallogic.repositary.Course

